19:05:34.880 [info] GET /blog
19:05:35.034 [info] Sent 200 in 153ms
19:06:20.213 [info] GET /blog
19:06:20.464 [error] Ranch listener Blog.Router.HTTP had connection process started with :cowboy_protocol:start_link/4 at #PID<0.353.0> exit with reason: [reason: {{:shutdown, 1}, {GenServer, :call, [Phoenix.CodeReloader, :reload, 5000]}}, mfa: {Plug.Adapters.Cowboy.Handler, :init, 3}, stacktrace: [{GenServer, :call, 3, [file: 'lib/gen_server.ex', line: 356]}, {Phoenix.Plugs.CodeReloader, :call, 2, [file: 'lib/phoenix/plugs/code_reloader.ex', line: 9]}, {Blog.Router, :before, 2, [file: 'web/router.ex', line: 2]}, {Blog.Router, :call, 2, [file: 'lib/phoenix/router.ex', line: 2]}, {Plug.Adapters.Cowboy.Handler, :init, 3, [file: 'lib/plug/adapters/cowboy/handler.ex', line: 7]}, {:cowboy_handler, :handler_init, 4, [file: 'src/cowboy_handler.erl', line: 64]}, {:cowboy_protocol, :execute, 4, [file: 'src/cowboy_protocol.erl', line: 435]}], req: [socket: #Port<0.8611>, transport: :ranch_tcp, connection: :keepalive, pid: #PID<0.353.0>, method: "GET", version: :"HTTP/1.1", peer: {{127, 0, 0, 1}, 55550}, host: "localhost", host_info: :undefined, port: 4000, path: "/blog/", path_info: :undefined, qs: "", qs_vals: :undefined, bindings: [], headers: [{"host", "localhost:4000"}, {"connection", "keep-alive"}, {"cache-control", "max-age=0"}, {"accept", "text/html,application/xhtml+xml,application/xml;q=0.9,image/webp,*/*;q=0.8"}, {"user-agent", "Mozilla/5.0 (Macintosh; Intel Mac OS X 10_9_5) AppleWebKit/537.36 (KHTML, like Gecko) Chrome/40.0.2193.0 Safari/537.36"}, {"accept-encoding", "gzip, deflate, sdch"}, {"accept-language", "ja,en-US;q=0.8,en;q=0.6"}, {"cookie", "_blog_key=Qit6U0pqQm9PVFl3ZngyYnMxcSt4VzZlS2ZpSFdYdllTSUsvNXd2SGVIaz0tLTNobzJXMzQxRElaMGF6Vzk2TnlLMHc9PQ==--bRgkv4vOhIp9N1GBT2a6xJ0Pxxw="}], p_headers: [{"connection", ["keep-alive"]}], cookies: :undefined, meta: [], body_state: :waiting, buffer: "", multipart: :undefined, resp_compress: false, resp_state: :waiting, resp_headers: [], resp_body: "", onresponse: :undefined], opts: {Blog.Router, []}]

19:06:57.158 [info] GET /blog
19:06:57.355 [info] Sent 200 in 197ms
19:11:30.608 [info] GET /blog
19:11:30.660 [info] Hi, pochi
19:11:30.762 [info] Sent 200 in 153ms
19:20:04.210 [info] GET /blog/new
19:20:04.273 [info] Sent 200 in 63ms
19:20:08.452 [info] POST /blog
19:20:08.971 [info] INSERT INTO "blogs" ("content", "title")
VALUES ($1, $2)
RETURNING "id"
19:20:09.017 [info] SELECT b0."id", b0."title", b0."content"
FROM "blogs" AS b0
19:20:09.041 [info] Sent 200 in 588ms
19:20:51.377 [info] GET /blog/new
19:20:51.426 [info] Sent 200 in 48ms
19:20:56.969 [info] POST /blog
19:20:57.152 [error] **(ArgumentError) argument error
    :erlang.++("[QUERY]", "INSERT INTO \"blogs\" (\"content\", \"title\")\nVALUES ($1, $2)\nRETURNING \"id\"")
    (blog) lib/blog/repo.ex:15: Repo.log/2
    (ecto) lib/ecto/adapters/postgres.ex:90: Ecto.Adapters.Postgres.insert/3
    (ecto) lib/ecto/repo/backend.ex:88: Ecto.Repo.Backend.insert/4
    (blog) web/controllers/blog_controller.ex:20: Blog.BlogController.create/2
    (blog) web/controllers/blog_controller.ex:1: Blog.BlogController.phoenix_controller_stack/2
    (phoenix) lib/phoenix/router/adapter.ex:89: Phoenix.Router.Adapter.dispatch/2
    (blog) lib/phoenix/router.ex:2: Blog.Router.call/2


19:20:57.153 [info] Sent 500 in 183ms
19:21:11.114 [info] POST /blog
19:21:11.165 [error] **(ArgumentError) argument error
    :erlang.++("[QUERY]", "INSERT INTO \"blogs\" (\"content\", \"title\")\nVALUES ($1, $2)\nRETURNING \"id\"")
    (blog) lib/blog/repo.ex:15: Repo.log/2
    (ecto) lib/ecto/adapters/postgres.ex:90: Ecto.Adapters.Postgres.insert/3
    (ecto) lib/ecto/repo/backend.ex:88: Ecto.Repo.Backend.insert/4
    (blog) web/controllers/blog_controller.ex:20: Blog.BlogController.create/2
    (blog) web/controllers/blog_controller.ex:1: Blog.BlogController.phoenix_controller_stack/2
    (phoenix) lib/phoenix/router/adapter.ex:89: Phoenix.Router.Adapter.dispatch/2
    (blog) lib/phoenix/router.ex:2: Blog.Router.call/2


19:21:11.165 [info] Sent 500 in 51ms
19:21:52.255 [info] GET /blog
19:21:52.301 [info] Hi, pochi
19:21:52.379 [info] [QUERY]SELECT b0."id", b0."title", b0."content"
FROM "blogs" AS b0
19:21:52.396 [info] Sent 200 in 140ms
19:21:54.348 [info] GET /blog/new
19:21:54.364 [info] Sent 200 in 15ms
19:21:59.149 [info] POST /blog
19:21:59.223 [info] [QUERY]INSERT INTO "blogs" ("content", "title")
VALUES ($1, $2)
RETURNING "id"
19:21:59.244 [info] [QUERY]SELECT b0."id", b0."title", b0."content"
FROM "blogs" AS b0
19:21:59.245 [info] Sent 200 in 95ms
